<?xml version="1.0" encoding="UTF-8"?>
<testng-results total="5" passed="5" failed="0" skipped="0">
  <reporter-output>
  </reporter-output>
  <suite started-at="2024-07-03T11:35:53Z" name="Test Suite for Buildout" finished-at="2024-07-03T11:36:29Z" duration-ms="36169">
    <groups>
    </groups>
    <test started-at="2024-07-03T11:35:53Z" name="Test Cases for Buildout" finished-at="2024-07-03T11:36:29Z" duration-ms="36169">
      <class name="demo.TestCases">
        <test-method is-config="true" signature="startBrowser()[pri:0, instance:demo.TestCases@64a8c844]" started-at="2024-07-03T17:05:53Z" name="startBrowser" finished-at="2024-07-03T17:05:55Z" duration-ms="1645" status="PASS">
          <reporter-output>
          </reporter-output>
        </test-method> <!-- startBrowser -->
        <test-method signature="testCase01()[pri:1, instance:demo.TestCases@64a8c844]" started-at="2024-07-03T17:05:55Z" name="testCase01" description="URL assertion and about page message printing" finished-at="2024-07-03T17:06:01Z" duration-ms="6264" status="PASS">
          <reporter-output>
          </reporter-output>
        </test-method> <!-- testCase01 -->
        <test-method signature="testCase02()[pri:2, instance:demo.TestCases@64a8c844]" started-at="2024-07-03T17:06:01Z" name="testCase02" description="Assertion for the movie is marked “A” for Mature or not and whether the movie is either “Comedy” or “Animation" finished-at="2024-07-03T17:06:06Z" duration-ms="4772" status="PASS">
          <reporter-output>
          </reporter-output>
        </test-method> <!-- testCase02 -->
        <test-method signature="testCase03()[pri:3, instance:demo.TestCases@64a8c844]" started-at="2024-07-03T17:06:06Z" name="testCase03" description="URL assertion and about page message printing" finished-at="2024-07-03T17:06:12Z" duration-ms="6649" status="PASS">
          <reporter-output>
          </reporter-output>
        </test-method> <!-- testCase03 -->
        <test-method signature="testCase04()[pri:4, instance:demo.TestCases@64a8c844]" started-at="2024-07-03T17:06:12Z" name="testCase04" description="URL assertion and about page message printing" finished-at="2024-07-03T17:06:21Z" duration-ms="8232" status="PASS">
          <reporter-output>
          </reporter-output>
        </test-method> <!-- testCase04 -->
        <test-method signature="testCase05()[pri:5, instance:demo.TestCases@64a8c844]" started-at="2024-07-03T17:06:21Z" name="testCase05" description="URL assertion and about page message printing" finished-at="2024-07-03T17:06:29Z" duration-ms="7882" status="PASS">
          <reporter-output>
          </reporter-output>
        </test-method> <!-- testCase05 -->
        <test-method is-config="true" signature="endTest()[pri:0, instance:demo.TestCases@64a8c844]" started-at="2024-07-03T17:06:29Z" name="endTest" finished-at="2024-07-03T17:06:29Z" duration-ms="719" status="PASS">
          <reporter-output>
          </reporter-output>
        </test-method> <!-- endTest -->
      </class> <!-- demo.TestCases -->
    </test> <!-- Test Cases for Buildout -->
  </suite> <!-- Test Suite for Buildout -->
</testng-results>
